0 info it worked if it ends with ok
1 verbose cli [ '/Users/aysun/.nvm/versions/node/v6.13.1/bin/node',
1 verbose cli   '/Users/aysun/.nvm/versions/node/v6.13.1/bin/npm',
1 verbose cli   'run',
1 verbose cli   'seed:cassandra' ]
2 info using npm@3.10.10
3 info using node@v6.13.1
4 verbose run-script [ 'preseed:cassandra', 'seed:cassandra', 'postseed:cassandra' ]
5 info lifecycle video-player-and-carousel@1.0.0~preseed:cassandra: video-player-and-carousel@1.0.0
6 silly lifecycle video-player-and-carousel@1.0.0~preseed:cassandra: no script for preseed:cassandra, continuing
7 info lifecycle video-player-and-carousel@1.0.0~seed:cassandra: video-player-and-carousel@1.0.0
8 verbose lifecycle video-player-and-carousel@1.0.0~seed:cassandra: unsafe-perm in lifecycle true
9 verbose lifecycle video-player-and-carousel@1.0.0~seed:cassandra: PATH: /Users/aysun/.nvm/versions/node/v6.13.1/lib/node_modules/npm/bin/node-gyp-bin:/Users/aysun/Documents/hr/video-player-and-carousel/node_modules/.bin:/usr/local/opt/mysql@5.7/bin:/Users/aysun/.nvm/versions/node/v6.13.1/bin:/usr/local/bin:/usr/bin:/bin:/usr/sbin:/sbin:/usr/local/mysql/bin:/Applications/Postgres.app/Contents/Versions/latest/bin:/usr/local/opt/mysql@5.7/bin:/Users/aysun/.nvm/versions/node/v6.13.1/bin
10 verbose lifecycle video-player-and-carousel@1.0.0~seed:cassandra: CWD: /Users/aysun/Documents/hr/video-player-and-carousel
11 silly lifecycle video-player-and-carousel@1.0.0~seed:cassandra: Args: [ '-c', 'cqlsh -f ./server/db/data/cassandra.cql 127.0.0.1' ]
12 silly lifecycle video-player-and-carousel@1.0.0~seed:cassandra: Returned: code: 2  signal: null
13 info lifecycle video-player-and-carousel@1.0.0~seed:cassandra: Failed to exec seed:cassandra script
14 verbose stack Error: video-player-and-carousel@1.0.0 seed:cassandra: `cqlsh -f ./server/db/data/cassandra.cql 127.0.0.1`
14 verbose stack Exit status 2
14 verbose stack     at EventEmitter.<anonymous> (/Users/aysun/.nvm/versions/node/v6.13.1/lib/node_modules/npm/lib/utils/lifecycle.js:255:16)
14 verbose stack     at emitTwo (events.js:106:13)
14 verbose stack     at EventEmitter.emit (events.js:191:7)
14 verbose stack     at ChildProcess.<anonymous> (/Users/aysun/.nvm/versions/node/v6.13.1/lib/node_modules/npm/lib/utils/spawn.js:40:14)
14 verbose stack     at emitTwo (events.js:106:13)
14 verbose stack     at ChildProcess.emit (events.js:191:7)
14 verbose stack     at maybeClose (internal/child_process.js:920:16)
14 verbose stack     at Process.ChildProcess._handle.onexit (internal/child_process.js:230:5)
15 verbose pkgid video-player-and-carousel@1.0.0
16 verbose cwd /Users/aysun/Documents/hr/video-player-and-carousel
17 error Darwin 18.5.0
18 error argv "/Users/aysun/.nvm/versions/node/v6.13.1/bin/node" "/Users/aysun/.nvm/versions/node/v6.13.1/bin/npm" "run" "seed:cassandra"
19 error node v6.13.1
20 error npm  v3.10.10
21 error code ELIFECYCLE
22 error video-player-and-carousel@1.0.0 seed:cassandra: `cqlsh -f ./server/db/data/cassandra.cql 127.0.0.1`
22 error Exit status 2
23 error Failed at the video-player-and-carousel@1.0.0 seed:cassandra script 'cqlsh -f ./server/db/data/cassandra.cql 127.0.0.1'.
23 error Make sure you have the latest version of node.js and npm installed.
23 error If you do, this is most likely a problem with the video-player-and-carousel package,
23 error not with npm itself.
23 error Tell the author that this fails on your system:
23 error     cqlsh -f ./server/db/data/cassandra.cql 127.0.0.1
23 error You can get information on how to open an issue for this project with:
23 error     npm bugs video-player-and-carousel
23 error Or if that isn't available, you can get their info via:
23 error     npm owner ls video-player-and-carousel
23 error There is likely additional logging output above.
24 verbose exit [ 1, true ]
